Starting audit...
[ERROR] /home/naveen/Documents/ADS1_20186106/ADS-1-assignments/m7/7.1 Steque/Solution.java:0: File does not end with a newline. [NewlineAtEndOfFile]
[ERROR] /home/naveen/Documents/ADS1_20186106/ADS-1-assignments/m7/7.1 Steque/Solution.java:2: Class Solution should be declared as final. [FinalClass]
[ERROR] /home/naveen/Documents/ADS1_20186106/ADS-1-assignments/m7/7.1 Steque/Solution.java:2: Missing a Javadoc comment. [JavadocType]
[ERROR] /home/naveen/Documents/ADS1_20186106/ADS-1-assignments/m7/7.1 Steque/Solution.java:3:1: File contains tab characters (this is the first instance). [FileTabCharacter]
[ERROR] /home/naveen/Documents/ADS1_20186106/ADS-1-assignments/m7/7.1 Steque/Solution.java:3:9: Missing a Javadoc comment. [JavadocMethod]
[ERROR] /home/naveen/Documents/ADS1_20186106/ADS-1-assignments/m7/7.1 Steque/Solution.java:5:9: Missing a Javadoc comment. [JavadocMethod]
[ERROR] /home/naveen/Documents/ADS1_20186106/ADS-1-assignments/m7/7.1 Steque/Solution.java:5:33: Parameter args should be final. [FinalParameters]
[ERROR] /home/naveen/Documents/ADS1_20186106/ADS-1-assignments/m7/7.1 Steque/Solution.java:31: Line is longer than 80 characters (found 87). [LineLength]
[ERROR] /home/naveen/Documents/ADS1_20186106/ADS-1-assignments/m7/7.1 Steque/Solution.java:45: Missing a Javadoc comment. [JavadocType]
[ERROR] /home/naveen/Documents/ADS1_20186106/ADS-1-assignments/m7/7.1 Steque/Solution.java:46:9: Missing a Javadoc comment. [JavadocVariable]
[ERROR] /home/naveen/Documents/ADS1_20186106/ADS-1-assignments/m7/7.1 Steque/Solution.java:46:17: Variable 'sc' must be private and have accessor methods. [VisibilityModifier]
[ERROR] /home/naveen/Documents/ADS1_20186106/ADS-1-assignments/m7/7.1 Steque/Solution.java:47:9: Missing a Javadoc comment. [JavadocMethod]
[ERROR] /home/naveen/Documents/ADS1_20186106/ADS-1-assignments/m7/7.1 Steque/Solution.java:50: Missing a Javadoc comment. [JavadocType]
[ERROR] /home/naveen/Documents/ADS1_20186106/ADS-1-assignments/m7/7.1 Steque/Solution.java:51:17: Missing a Javadoc comment. [JavadocVariable]
[ERROR] /home/naveen/Documents/ADS1_20186106/ADS-1-assignments/m7/7.1 Steque/Solution.java:51:19: Variable 'data' must be private and have accessor methods. [VisibilityModifier]
[ERROR] /home/naveen/Documents/ADS1_20186106/ADS-1-assignments/m7/7.1 Steque/Solution.java:52:17: Missing a Javadoc comment. [JavadocVariable]
[ERROR] /home/naveen/Documents/ADS1_20186106/ADS-1-assignments/m7/7.1 Steque/Solution.java:52:22: Variable 'next' must be private and have accessor methods. [VisibilityModifier]
[ERROR] /home/naveen/Documents/ADS1_20186106/ADS-1-assignments/m7/7.1 Steque/Solution.java:54:9: Missing a Javadoc comment. [JavadocVariable]
[ERROR] /home/naveen/Documents/ADS1_20186106/ADS-1-assignments/m7/7.1 Steque/Solution.java:54:14: Variable 'head' must be private and have accessor methods. [VisibilityModifier]
[ERROR] /home/naveen/Documents/ADS1_20186106/ADS-1-assignments/m7/7.1 Steque/Solution.java:55:9: Missing a Javadoc comment. [JavadocVariable]
[ERROR] /home/naveen/Documents/ADS1_20186106/ADS-1-assignments/m7/7.1 Steque/Solution.java:55:14: Variable 'tail' must be private and have accessor methods. [VisibilityModifier]
[ERROR] /home/naveen/Documents/ADS1_20186106/ADS-1-assignments/m7/7.1 Steque/Solution.java:56:9: Missing a Javadoc comment. [JavadocVariable]
[ERROR] /home/naveen/Documents/ADS1_20186106/ADS-1-assignments/m7/7.1 Steque/Solution.java:56:13: Variable 'size' must be private and have accessor methods. [VisibilityModifier]
[ERROR] /home/naveen/Documents/ADS1_20186106/ADS-1-assignments/m7/7.1 Steque/Solution.java:57:9: Missing a Javadoc comment. [JavadocMethod]
[ERROR] /home/naveen/Documents/ADS1_20186106/ADS-1-assignments/m7/7.1 Steque/Solution.java:57:26: Parameter item should be final. [FinalParameters]
[ERROR] /home/naveen/Documents/ADS1_20186106/ADS-1-assignments/m7/7.1 Steque/Solution.java:70:9: Missing a Javadoc comment. [JavadocMethod]
[ERROR] /home/naveen/Documents/ADS1_20186106/ADS-1-assignments/m7/7.1 Steque/Solution.java:70:29: Parameter item should be final. [FinalParameters]
[ERROR] /home/naveen/Documents/ADS1_20186106/ADS-1-assignments/m7/7.1 Steque/Solution.java:82:9: Missing a Javadoc comment. [JavadocMethod]
[ERROR] /home/naveen/Documents/ADS1_20186106/ADS-1-assignments/m7/7.1 Steque/Solution.java:91:9: Missing a Javadoc comment. [JavadocMethod]
Audit done.
Checkstyle ends with 29 errors.
