Starting audit...
[ERROR] /home/naveen/Documents/ADS1_20186106/ADS-1-assignments/m22/22.1 Ransom Note/Solution.java:47:12: Unused @param tag for 'key'. [JavadocMethod]
[ERROR] /home/naveen/Documents/ADS1_20186106/ADS-1-assignments/m22/22.1 Ransom Note/Solution.java:49:41: Expected @param tag for 'keyy'. [JavadocMethod]
[ERROR] /home/naveen/Documents/ADS1_20186106/ADS-1-assignments/m22/22.1 Ransom Note/Solution.java:64:12: Unused @param tag for 'val'. [JavadocMethod]
[ERROR] /home/naveen/Documents/ADS1_20186106/ADS-1-assignments/m22/22.1 Ransom Note/Solution.java:66:44: Expected @param tag for 'valu'. [JavadocMethod]
Audit done.
Checkstyle ends with 4 errors.
